build/app/intermediates/manifest_merge_blame_file/debug/manifest-merger-blame-debug-report.txt
1<?xml version="1.0" encoding="utf-8"?>
2<manifest xmlns:android="http://schemas.android.com/apk/res/android"
3    package="com.example.barberbooking"
4    android:versionCode="1"
5    android:versionName="1.0.0" >
6
7    <uses-sdk
8        android:minSdkVersion="20"
9        android:targetSdkVersion="33" />
10    <!--
11         The INTERNET permission is required for development. Specifically,
12         the Flutter tool needs it to communicate with the running application
13         to allow setting breakpoints, to provide hot reload, etc.
14    -->
15    <uses-permission android:name="android.permission.INTERNET" />
15-->src\debug\AndroidManifest.xml:7:5-66
15-->src\debug\AndroidManifest.xml:7:22-64
16    <uses-permission android:name="android.permission.ACCESS_FINE_LOCATION" />
16-->src\main\AndroidManifest.xml:3:5-79
16-->src\main\AndroidManifest.xml:3:22-76
17    <uses-permission android:name="android.permission.ACCESS_COARSE_LOCATION" /> <!-- Provide required visibility configuration for API level 30 and above -->
17-->src\main\AndroidManifest.xml:4:5-81
17-->src\main\AndroidManifest.xml:4:22-78
18    <queries>
18-->src\main\AndroidManifest.xml:6:5-17:15
19
20        <!-- If your app checks for SMS support -->
21        <intent>
21-->src\main\AndroidManifest.xml:8:9-11:18
22            <action android:name="android.intent.action.VIEW" />
22-->src\main\AndroidManifest.xml:9:13-65
22-->src\main\AndroidManifest.xml:9:21-62
23
24            <data android:scheme="sms" />
24-->src\main\AndroidManifest.xml:10:13-42
24-->src\main\AndroidManifest.xml:10:19-39
25        </intent>
26        <!-- If your app checks for call support -->
27        <intent>
27-->src\main\AndroidManifest.xml:13:9-16:18
28            <action android:name="android.intent.action.VIEW" />
28-->src\main\AndroidManifest.xml:9:13-65
28-->src\main\AndroidManifest.xml:9:21-62
29
30            <data android:scheme="tel" />
30-->src\main\AndroidManifest.xml:10:13-42
30-->src\main\AndroidManifest.xml:10:19-39
31        </intent>
32        <!-- Needs to be explicitly declared on Android R+ -->
33        <package android:name="com.google.android.apps.maps" />
33-->[com.google.android.gms:play-services-maps:18.1.0] AndroidManifest.xml:33:9-64
33-->[com.google.android.gms:play-services-maps:18.1.0] AndroidManifest.xml:33:18-61
34    </queries>
35
36    <uses-permission android:name="android.permission.FOREGROUND_SERVICE" />
36-->[:geolocator_android] AndroidManifest.xml:9:5-77
36-->[:geolocator_android] AndroidManifest.xml:9:22-74
37    <uses-permission android:name="android.permission.ACCESS_NETWORK_STATE" />
37-->[com.google.firebase:firebase-auth:21.1.0] AndroidManifest.xml:24:5-79
37-->[com.google.firebase:firebase-auth:21.1.0] AndroidManifest.xml:24:22-76
38
39    <uses-feature
39-->[com.google.android.gms:play-services-maps:18.1.0] AndroidManifest.xml:26:5-28:35
40        android:glEsVersion="0x00020000"
40-->[com.google.android.gms:play-services-maps:18.1.0] AndroidManifest.xml:27:9-41
41        android:required="true" />
41-->[com.google.android.gms:play-services-maps:18.1.0] AndroidManifest.xml:28:9-32
42
43    <permission
43-->[androidx.core:core:1.9.0] AndroidManifest.xml:22:5-24:47
44        android:name="com.example.barberbooking.DYNAMIC_RECEIVER_NOT_EXPORTED_PERMISSION"
44-->[androidx.core:core:1.9.0] AndroidManifest.xml:23:9-81
45        android:protectionLevel="signature" />
45-->[androidx.core:core:1.9.0] AndroidManifest.xml:24:9-44
46
47    <uses-permission android:name="com.example.barberbooking.DYNAMIC_RECEIVER_NOT_EXPORTED_PERMISSION" />
47-->[androidx.core:core:1.9.0] AndroidManifest.xml:26:5-97
47-->[androidx.core:core:1.9.0] AndroidManifest.xml:26:22-94
48
49    <application
50        android:name="android.app.Application"
51        android:appComponentFactory="androidx.core.app.CoreComponentFactory"
51-->[androidx.core:core:1.9.0] AndroidManifest.xml:28:18-86
52        android:debuggable="true"
53        android:icon="@mipmap/ic_launcher"
54        android:label="barbershop" >
55        <activity
56            android:name="com.example.barbershop.MainActivity"
57            android:configChanges="orientation|keyboardHidden|keyboard|screenSize|smallestScreenSize|locale|layoutDirection|fontScale|screenLayout|density|uiMode"
58            android:exported="true"
59            android:hardwareAccelerated="true"
60            android:launchMode="singleTop"
61            android:theme="@style/LaunchTheme"
62            android:windowSoftInputMode="adjustResize" >
63
64            <!--
65                 Specifies an Android theme to apply to this Activity as soon as
66                 the Android process has started. This theme is visible to the user
67                 while the Flutter UI initializes. After that, this theme continues
68                 to determine the Window background behind the Flutter UI.
69            -->
70            <meta-data
71                android:name="io.flutter.embedding.android.NormalTheme"
72                android:resource="@style/NormalTheme" />
73
74            <intent-filter>
75                <action android:name="android.intent.action.MAIN" />
76
77                <category android:name="android.intent.category.LAUNCHER" />
78            </intent-filter>
79        </activity>
80        <!--
81             Don't delete the meta-data below.
82             This is used by the Flutter tool to generate GeneratedPluginRegistrant.java
83        -->
84        <meta-data
85            android:name="flutterEmbedding"
86            android:value="2" />
87        <meta-data
88            android:name="com.google.android.geo.API_KEY"
89            android:value="AIzaSyB89RCvT9u9Wo2D3RO2a1NT0uUgXVsafBs" />
90
91        <service
91-->[:firebase_auth] AndroidManifest.xml:10:9-14:19
92            android:name="com.google.firebase.components.ComponentDiscoveryService"
92-->[:firebase_auth] AndroidManifest.xml:10:18-89
93            android:directBootAware="true"
93-->[com.google.firebase:firebase-common:20.3.1] AndroidManifest.xml:34:13-43
94            android:exported="false" >
94-->[com.google.firebase:firebase-auth:21.1.0] AndroidManifest.xml:66:13-37
95            <meta-data
95-->[:firebase_auth] AndroidManifest.xml:11:13-13:85
96                android:name="com.google.firebase.components:io.flutter.plugins.firebase.auth.FlutterFirebaseAuthRegistrar"
96-->[:firebase_auth] AndroidManifest.xml:12:17-124
97                android:value="com.google.firebase.components.ComponentRegistrar" />
97-->[:firebase_auth] AndroidManifest.xml:13:17-82
98            <meta-data
98-->[:firebase_storage] AndroidManifest.xml:11:13-13:85
99                android:name="com.google.firebase.components:io.flutter.plugins.firebase.storage.FlutterFirebaseAppRegistrar"
99-->[:firebase_storage] AndroidManifest.xml:12:17-126
100                android:value="com.google.firebase.components.ComponentRegistrar" />
100-->[:firebase_storage] AndroidManifest.xml:13:17-82
101            <meta-data
101-->[:cloud_firestore] AndroidManifest.xml:11:13-13:85
102                android:name="com.google.firebase.components:io.flutter.plugins.firebase.firestore.FlutterFirebaseFirestoreRegistrar"
102-->[:cloud_firestore] AndroidManifest.xml:12:17-134
103                android:value="com.google.firebase.components.ComponentRegistrar" />
103-->[:cloud_firestore] AndroidManifest.xml:13:17-82
104            <meta-data
104-->[:firebase_core] AndroidManifest.xml:11:13-13:85
105                android:name="com.google.firebase.components:io.flutter.plugins.firebase.core.FlutterFirebaseCoreRegistrar"
105-->[:firebase_core] AndroidManifest.xml:12:17-124
106                android:value="com.google.firebase.components.ComponentRegistrar" />
106-->[:firebase_core] AndroidManifest.xml:13:17-82
107            <meta-data
107-->[com.google.firebase:firebase-auth:21.1.0] AndroidManifest.xml:67:13-69:85
108                android:name="com.google.firebase.components:com.google.firebase.auth.FirebaseAuthRegistrar"
108-->[com.google.firebase:firebase-auth:21.1.0] AndroidManifest.xml:68:17-109
109                android:value="com.google.firebase.components.ComponentRegistrar" />
109-->[com.google.firebase:firebase-auth:21.1.0] AndroidManifest.xml:69:17-82
110            <meta-data
110-->[com.google.firebase:firebase-firestore:24.4.4] AndroidManifest.xml:19:13-21:85
111                android:name="com.google.firebase.components:com.google.firebase.firestore.FirestoreRegistrar"
111-->[com.google.firebase:firebase-firestore:24.4.4] AndroidManifest.xml:20:17-111
112                android:value="com.google.firebase.components.ComponentRegistrar" />
112-->[com.google.firebase:firebase-firestore:24.4.4] AndroidManifest.xml:21:17-82
113            <meta-data
113-->[com.google.firebase:firebase-storage:20.1.0] AndroidManifest.xml:32:13-34:85
114                android:name="com.google.firebase.components:com.google.firebase.storage.StorageRegistrar"
114-->[com.google.firebase:firebase-storage:20.1.0] AndroidManifest.xml:33:17-107
115                android:value="com.google.firebase.components.ComponentRegistrar" />
115-->[com.google.firebase:firebase-storage:20.1.0] AndroidManifest.xml:34:17-82
116        </service>
117        <service
117-->[:geolocator_android] AndroidManifest.xml:12:9-16:56
118            android:name="com.baseflow.geolocator.GeolocatorLocationService"
118-->[:geolocator_android] AndroidManifest.xml:13:13-77
119            android:enabled="true"
119-->[:geolocator_android] AndroidManifest.xml:14:13-35
120            android:exported="false"
120-->[:geolocator_android] AndroidManifest.xml:15:13-37
121            android:foregroundServiceType="location" />
121-->[:geolocator_android] AndroidManifest.xml:16:13-53
122
123        <activity
123-->[:url_launcher_android] AndroidManifest.xml:10:9-13:74
124            android:name="io.flutter.plugins.urllauncher.WebViewActivity"
124-->[:url_launcher_android] AndroidManifest.xml:11:13-74
125            android:exported="false"
125-->[:url_launcher_android] AndroidManifest.xml:12:13-37
126            android:theme="@android:style/Theme.NoTitleBar.Fullscreen" />
126-->[:url_launcher_android] AndroidManifest.xml:13:13-71
127
128        <uses-library
128-->[androidx.window:window:1.0.0-beta04] AndroidManifest.xml:25:9-27:40
129            android:name="androidx.window.extensions"
129-->[androidx.window:window:1.0.0-beta04] AndroidManifest.xml:26:13-54
130            android:required="false" />
130-->[androidx.window:window:1.0.0-beta04] AndroidManifest.xml:27:13-37
131        <uses-library
131-->[androidx.window:window:1.0.0-beta04] AndroidManifest.xml:28:9-30:40
132            android:name="androidx.window.sidecar"
132-->[androidx.window:window:1.0.0-beta04] AndroidManifest.xml:29:13-51
133            android:required="false" />
133-->[androidx.window:window:1.0.0-beta04] AndroidManifest.xml:30:13-37
134
135        <activity
135-->[com.google.firebase:firebase-auth:21.1.0] AndroidManifest.xml:27:9-44:20
136            android:name="com.google.firebase.auth.internal.GenericIdpActivity"
136-->[com.google.firebase:firebase-auth:21.1.0] AndroidManifest.xml:28:13-80
137            android:excludeFromRecents="true"
137-->[com.google.firebase:firebase-auth:21.1.0] AndroidManifest.xml:29:13-46
138            android:exported="true"
138-->[com.google.firebase:firebase-auth:21.1.0] AndroidManifest.xml:30:13-36
139            android:launchMode="singleTask"
139-->[com.google.firebase:firebase-auth:21.1.0] AndroidManifest.xml:31:13-44
140            android:theme="@android:style/Theme.Translucent.NoTitleBar" >
140-->[com.google.firebase:firebase-auth:21.1.0] AndroidManifest.xml:32:13-72
141            <intent-filter>
141-->[com.google.firebase:firebase-auth:21.1.0] AndroidManifest.xml:33:13-43:29
142                <action android:name="android.intent.action.VIEW" />
142-->src\main\AndroidManifest.xml:9:13-65
142-->src\main\AndroidManifest.xml:9:21-62
143
144                <category android:name="android.intent.category.DEFAULT" />
144-->[com.google.firebase:firebase-auth:21.1.0] AndroidManifest.xml:36:17-76
144-->[com.google.firebase:firebase-auth:21.1.0] AndroidManifest.xml:36:27-73
145                <category android:name="android.intent.category.BROWSABLE" />
145-->[com.google.firebase:firebase-auth:21.1.0] AndroidManifest.xml:37:17-78
145-->[com.google.firebase:firebase-auth:21.1.0] AndroidManifest.xml:37:27-75
146
147                <data
147-->src\main\AndroidManifest.xml:10:13-42
148                    android:host="firebase.auth"
149                    android:path="/"
150                    android:scheme="genericidp" />
150-->src\main\AndroidManifest.xml:10:19-39
151            </intent-filter>
152        </activity>
153        <activity
153-->[com.google.firebase:firebase-auth:21.1.0] AndroidManifest.xml:45:9-62:20
154            android:name="com.google.firebase.auth.internal.RecaptchaActivity"
154-->[com.google.firebase:firebase-auth:21.1.0] AndroidManifest.xml:46:13-79
155            android:excludeFromRecents="true"
155-->[com.google.firebase:firebase-auth:21.1.0] AndroidManifest.xml:47:13-46
156            android:exported="true"
156-->[com.google.firebase:firebase-auth:21.1.0] AndroidManifest.xml:48:13-36
157            android:launchMode="singleTask"
157-->[com.google.firebase:firebase-auth:21.1.0] AndroidManifest.xml:49:13-44
158            android:theme="@android:style/Theme.Translucent.NoTitleBar" >
158-->[com.google.firebase:firebase-auth:21.1.0] AndroidManifest.xml:50:13-72
159            <intent-filter>
159-->[com.google.firebase:firebase-auth:21.1.0] AndroidManifest.xml:51:13-61:29
160                <action android:name="android.intent.action.VIEW" />
160-->src\main\AndroidManifest.xml:9:13-65
160-->src\main\AndroidManifest.xml:9:21-62
161
162                <category android:name="android.intent.category.DEFAULT" />
162-->[com.google.firebase:firebase-auth:21.1.0] AndroidManifest.xml:36:17-76
162-->[com.google.firebase:firebase-auth:21.1.0] AndroidManifest.xml:36:27-73
163                <category android:name="android.intent.category.BROWSABLE" />
163-->[com.google.firebase:firebase-auth:21.1.0] AndroidManifest.xml:37:17-78
163-->[com.google.firebase:firebase-auth:21.1.0] AndroidManifest.xml:37:27-75
164
165                <data
165-->src\main\AndroidManifest.xml:10:13-42
166                    android:host="firebase.auth"
167                    android:path="/"
168                    android:scheme="recaptcha" />
168-->src\main\AndroidManifest.xml:10:19-39
169            </intent-filter>
170        </activity>
171
172        <provider
172-->[com.google.firebase:firebase-common:20.3.1] AndroidManifest.xml:25:9-30:39
173            android:name="com.google.firebase.provider.FirebaseInitProvider"
173-->[com.google.firebase:firebase-common:20.3.1] AndroidManifest.xml:26:13-77
174            android:authorities="com.example.barberbooking.firebaseinitprovider"
174-->[com.google.firebase:firebase-common:20.3.1] AndroidManifest.xml:27:13-72
175            android:directBootAware="true"
175-->[com.google.firebase:firebase-common:20.3.1] AndroidManifest.xml:28:13-43
176            android:exported="false"
176-->[com.google.firebase:firebase-common:20.3.1] AndroidManifest.xml:29:13-37
177            android:initOrder="100" /> <!-- Needs to be explicitly declared on P+ -->
177-->[com.google.firebase:firebase-common:20.3.1] AndroidManifest.xml:30:13-36
178        <uses-library
178-->[com.google.android.gms:play-services-maps:18.1.0] AndroidManifest.xml:39:9-41:40
179            android:name="org.apache.http.legacy"
179-->[com.google.android.gms:play-services-maps:18.1.0] AndroidManifest.xml:40:13-50
180            android:required="false" />
180-->[com.google.android.gms:play-services-maps:18.1.0] AndroidManifest.xml:41:13-37
181
182        <activity
182-->[com.google.android.gms:play-services-base:18.1.0] AndroidManifest.xml:20:9-22:45
183            android:name="com.google.android.gms.common.api.GoogleApiActivity"
183-->[com.google.android.gms:play-services-base:18.1.0] AndroidManifest.xml:20:19-85
184            android:exported="false"
184-->[com.google.android.gms:play-services-base:18.1.0] AndroidManifest.xml:22:19-43
185            android:theme="@android:style/Theme.Translucent.NoTitleBar" />
185-->[com.google.android.gms:play-services-base:18.1.0] AndroidManifest.xml:21:19-78
186
187        <meta-data
187-->[com.google.android.gms:play-services-basement:18.1.0] AndroidManifest.xml:21:9-23:69
188            android:name="com.google.android.gms.version"
188-->[com.google.android.gms:play-services-basement:18.1.0] AndroidManifest.xml:22:13-58
189            android:value="@integer/google_play_services_version" />
189-->[com.google.android.gms:play-services-basement:18.1.0] AndroidManifest.xml:23:13-66
190    </application>
191
192</manifest>